This file contains any messages produced by compilers while
running configure, to aid debugging if configure makes a mistake.

It was created by gsl configure 2.8, which was
generated by GNU Autoconf 2.72.  Invocation command line was

  $ ./configure --host=x86_64-w64-mingw32 --prefix=/home/daneel/gitrepos/GSL-WIN64/gsl-2.8

## --------- ##
## Platform. ##
## --------- ##

hostname = sudarshan
uname -m = x86_64
uname -r = 6.8.0-45-generic
uname -s = Linux
uname -v = #45~22.04.1-Ubuntu SMP PREEMPT_DYNAMIC Wed Sep 11 15:25:05 UTC 2

/usr/bin/uname -p = x86_64
/bin/uname -X     = unknown

/bin/arch              = x86_64
/usr/bin/arch -k       = unknown
/usr/convex/getsysinfo = unknown
/usr/bin/hostinfo      = unknown
/bin/machine           = unknown
/usr/bin/oslevel       = unknown
/bin/universe          = unknown

PATH: /usr/local/miniforge3/condabin/
PATH: /opt/nvidia/hpc_sdk/Linux_x86_64/24.7/comm_libs/mpi/bin/
PATH: /opt/nvidia/hpc_sdk/Linux_x86_64/24.7/compilers/bin/
PATH: /home/daneel/.local/bin/
PATH: /home/daneel/.local/bin/
PATH: /home/daneel/bin/
PATH: /usr/local/sbin/
PATH: /usr/local/bin/
PATH: /usr/sbin/
PATH: /usr/bin/
PATH: /sbin/
PATH: /bin/
PATH: /usr/games/
PATH: /usr/local/games/
PATH: /snap/bin/


## ----------- ##
## Core tests. ##
## ----------- ##

configure:2605: looking for aux files: ltmain.sh compile config.guess config.sub missing install-sh
configure:2618:  trying ./
configure:2647:   ./ltmain.sh found
configure:2647:   ./compile found
configure:2647:   ./config.guess found
configure:2647:   ./config.sub found
configure:2647:   ./missing found
configure:2629:   ./install-sh found
configure:2779: checking for a BSD-compatible install
configure:2853: result: /usr/bin/install -c
configure:2864: checking whether build environment is sane
configure:2919: result: yes
configure:2975: checking for x86_64-w64-mingw32-strip
configure:2996: found /usr/bin/x86_64-w64-mingw32-strip
configure:3008: result: x86_64-w64-mingw32-strip
configure:3080: checking for a race-free mkdir -p
configure:3123: result: /usr/bin/mkdir -p
configure:3130: checking for gawk
configure:3151: found /usr/bin/gawk
configure:3163: result: gawk
configure:3174: checking whether make sets $(MAKE)
configure:3198: result: yes
configure:3228: checking whether make supports nested variables
configure:3247: result: yes
configure:3386: checking whether to enable maintainer-specific portions of Makefiles
configure:3397: result: no
configure:3435: checking for a sed that does not truncate output
configure:3507: result: /usr/bin/sed
configure:3519: checking whether make sets $(MAKE)
configure:3543: result: yes
configure:3559: checking build system type
configure:3575: result: x86_64-unknown-linux-gnu
configure:3595: checking host system type
configure:3610: result: x86_64-w64-mingw32
configure:3654: checking for x86_64-w64-mingw32-gcc
configure:3675: found /usr/bin/x86_64-w64-mingw32-gcc
configure:3687: result: x86_64-w64-mingw32-gcc
configure:4092: checking for C compiler version
configure:4101: x86_64-w64-mingw32-gcc --version >&5
x86_64-w64-mingw32-gcc (GCC) 10-win32 20220113
Copyright (C) 2020 Free Software Foundation, Inc.
This is free software; see the source for copying conditions.  There is NO
warranty; not even for MERCHANTABILITY or FITNESS FOR A PARTICULAR PURPOSE.

configure:4112: $? = 0
configure:4101: x86_64-w64-mingw32-gcc -v >&5
Using built-in specs.
COLLECT_GCC=x86_64-w64-mingw32-gcc
COLLECT_LTO_WRAPPER=/usr/lib/gcc/x86_64-w64-mingw32/10-win32/lto-wrapper
Target: x86_64-w64-mingw32
Configured with: ../../src/configure --build=x86_64-linux-gnu --prefix=/usr --includedir='/usr/include' --mandir='/usr/share/man' --infodir='/usr/share/info' --sysconfdir=/etc --localstatedir=/var --disable-option-checking --disable-silent-rules --libdir='/usr/lib/x86_64-linux-gnu' --libexecdir='/usr/lib/x86_64-linux-gnu' --disable-maintainer-mode --disable-dependency-tracking --prefix=/usr --enable-shared --enable-static --disable-multilib --with-system-zlib --libexecdir=/usr/lib --without-included-gettext --libdir=/usr/lib --enable-libstdcxx-time=yes --with-tune=generic --with-headers --enable-version-specific-runtime-libs --enable-fully-dynamic-string --enable-libgomp --enable-languages=c,c++,fortran,objc,obj-c++,ada --enable-lto --enable-threads=win32 --program-suffix=-win32 --program-prefix=x86_64-w64-mingw32- --target=x86_64-w64-mingw32 --with-as=/usr/bin/x86_64-w64-mingw32-as --with-ld=/usr/bin/x86_64-w64-mingw32-ld --enable-libatomic --enable-libstdcxx-filesystem-ts=yes --enable-dependency-tracking SED=/bin/sed
Thread model: win32
Supported LTO compression algorithms: zlib
gcc version 10-win32 20220113 (GCC) 
configure:4112: $? = 0
configure:4101: x86_64-w64-mingw32-gcc -V >&5
x86_64-w64-mingw32-gcc: error: unrecognized command-line option '-V'
x86_64-w64-mingw32-gcc: fatal error: no input files
compilation terminated.
configure:4112: $? = 1
configure:4101: x86_64-w64-mingw32-gcc -qversion >&5
x86_64-w64-mingw32-gcc: error: unrecognized command-line option '-qversion'; did you mean '--version'?
x86_64-w64-mingw32-gcc: fatal error: no input files
compilation terminated.
configure:4112: $? = 1
configure:4101: x86_64-w64-mingw32-gcc -version >&5
x86_64-w64-mingw32-gcc: error: unrecognized command-line option '-version'
x86_64-w64-mingw32-gcc: fatal error: no input files
compilation terminated.
configure:4112: $? = 1
configure:4132: checking whether the C compiler works
configure:4154: x86_64-w64-mingw32-gcc    conftest.c  >&5
configure:4158: $? = 0
configure:4209: result: yes
configure:4213: checking for C compiler default output file name
configure:4215: result: a.exe
configure:4221: checking for suffix of executables
configure:4228: x86_64-w64-mingw32-gcc -o conftest.exe    conftest.c  >&5
configure:4232: $? = 0
configure:4256: result: .exe
configure:4280: checking whether we are cross compiling
configure:4288: x86_64-w64-mingw32-gcc -o conftest.exe    conftest.c  >&5
configure:4292: $? = 0
configure:4299: ./conftest.exe
run-detectors: unable to find an interpreter for ./conftest.exe
configure:4303: $? = 2
configure:4318: result: yes
configure:4324: checking for suffix of object files
configure:4347: x86_64-w64-mingw32-gcc -c   conftest.c >&5
configure:4351: $? = 0
configure:4375: result: o
configure:4379: checking whether the compiler supports GNU C
configure:4399: x86_64-w64-mingw32-gcc -c   conftest.c >&5
configure:4399: $? = 0
configure:4411: result: yes
configure:4422: checking whether x86_64-w64-mingw32-gcc accepts -g
configure:4443: x86_64-w64-mingw32-gcc -c -g  conftest.c >&5
configure:4443: $? = 0
configure:4490: result: yes
configure:4510: checking for x86_64-w64-mingw32-gcc option to enable C11 features
configure:4525: x86_64-w64-mingw32-gcc  -c -g -O2  conftest.c >&5
configure:4525: $? = 0
configure:4544: result: none needed
configure:4668: checking whether x86_64-w64-mingw32-gcc understands -c and -o together
configure:4691: x86_64-w64-mingw32-gcc -c conftest.c -o conftest2.o
configure:4694: $? = 0
configure:4691: x86_64-w64-mingw32-gcc -c conftest.c -o conftest2.o
configure:4694: $? = 0
configure:4707: result: yes
configure:4727: checking whether make supports the include directive
configure:4742: make -f confmf.GNU && cat confinc.out
this is the am__doit target
configure:4745: $? = 0
configure:4764: result: yes (GNU style)
configure:4790: checking dependency style of x86_64-w64-mingw32-gcc
configure:4903: result: gcc3
configure:4923: checking how to run the C preprocessor
configure:4949: x86_64-w64-mingw32-gcc -E  conftest.c
configure:4949: $? = 0
configure:4965: x86_64-w64-mingw32-gcc -E  conftest.c
conftest.c:12:10: fatal error: ac_nonexistent.h: No such file or directory
   12 | #include <ac_nonexistent.h>
      |          ^~~~~~~~~~~~~~~~~~
compilation terminated.
configure:4965: $? = 1
configure: failed program was:
| /* confdefs.h */
| #define PACKAGE_NAME "gsl"
| #define PACKAGE_TARNAME "gsl"
| #define PACKAGE_VERSION "2.8"
| #define PACKAGE_STRING "gsl 2.8"
| #define PACKAGE_BUGREPORT ""
| #define PACKAGE_URL ""
| #define PACKAGE "gsl"
| #define VERSION "2.8"
| #define RELEASED /**/
| /* end confdefs.h.  */
| #include <ac_nonexistent.h>
configure:4994: result: x86_64-w64-mingw32-gcc -E
configure:5008: x86_64-w64-mingw32-gcc -E  conftest.c
configure:5008: $? = 0
configure:5024: x86_64-w64-mingw32-gcc -E  conftest.c
conftest.c:12:10: fatal error: ac_nonexistent.h: No such file or directory
   12 | #include <ac_nonexistent.h>
      |          ^~~~~~~~~~~~~~~~~~
compilation terminated.
configure:5024: $? = 1
configure: failed program was:
| /* confdefs.h */
| #define PACKAGE_NAME "gsl"
| #define PACKAGE_TARNAME "gsl"
| #define PACKAGE_VERSION "2.8"
| #define PACKAGE_STRING "gsl 2.8"
| #define PACKAGE_BUGREPORT ""
| #define PACKAGE_URL ""
| #define PACKAGE "gsl"
| #define VERSION "2.8"
| #define RELEASED /**/
| /* end confdefs.h.  */
| #include <ac_nonexistent.h>
configure:5057: checking whether ln -s works
configure:5061: result: yes
configure:5115: checking how to print strings
configure:5142: result: printf
configure:5163: checking for a sed that does not truncate output
configure:5235: result: /usr/bin/sed
configure:5253: checking for grep that handles long lines and -e
configure:5319: result: /usr/bin/grep
configure:5324: checking for egrep
configure:5394: result: /usr/bin/grep -E
configure:5401: checking for fgrep
configure:5471: result: /usr/bin/grep -F
configure:5508: checking for ld used by x86_64-w64-mingw32-gcc
configure:5577: result: /usr/bin/x86_64-w64-mingw32-ld
configure:5584: checking if the linker (/usr/bin/x86_64-w64-mingw32-ld) is GNU ld
configure:5601: result: yes
configure:5613: checking for BSD- or MS-compatible name lister (nm)
configure:5669: result: /usr/bin/x86_64-w64-mingw32-nm -B
configure:5811: checking the name lister (/usr/bin/x86_64-w64-mingw32-nm -B) interface
configure:5819: x86_64-w64-mingw32-gcc -c -g -O2  conftest.c >&5
configure:5822: /usr/bin/x86_64-w64-mingw32-nm -B "conftest.o"
configure:5825: output
0000000000000000 b .bss
0000000000000000 d .data
0000000000000000 N .debug_abbrev
0000000000000000 N .debug_aranges
0000000000000000 N .debug_info
0000000000000000 N .debug_line
0000000000000000 r .rdata$zzz
0000000000000000 t .text
0000000000000000 B some_variable
configure:5833: result: BSD nm
configure:5837: checking the maximum length of command line arguments
configure:5970: result: 1572864
configure:6018: checking how to convert x86_64-unknown-linux-gnu file names to x86_64-w64-mingw32 format
configure:6060: result: func_convert_file_nix_to_w32
configure:6067: checking how to convert x86_64-unknown-linux-gnu file names to toolchain format
configure:6089: result: func_convert_file_noop
configure:6096: checking for /usr/bin/x86_64-w64-mingw32-ld option to reload object files
configure:6105: result: -r
configure:6139: checking for x86_64-w64-mingw32-file
configure:6175: result: no
configure:6185: checking for file
configure:6206: found /usr/bin/file
configure:6218: result: file
configure:6230: WARNING: using cross tools not prefixed with host triplet
configure:6249: checking for x86_64-w64-mingw32-objdump
configure:6270: found /usr/bin/x86_64-w64-mingw32-objdump
configure:6282: result: x86_64-w64-mingw32-objdump
configure:6357: checking how to recognize dependent libraries
configure:6559: result: file_magic ^x86 archive import|^x86 DLL
configure:6604: checking for x86_64-w64-mingw32-dlltool
configure:6625: found /usr/bin/x86_64-w64-mingw32-dlltool
configure:6637: result: x86_64-w64-mingw32-dlltool
configure:6713: checking how to associate runtime and link libraries
configure:6742: result: func_cygming_dll_for_implib
configure:6759: checking for x86_64-w64-mingw32-ar
configure:6780: found /usr/bin/x86_64-w64-mingw32-ar
configure:6792: result: x86_64-w64-mingw32-ar
configure:6895: checking for archiver @FILE support
configure:6913: x86_64-w64-mingw32-gcc -c -g -O2  conftest.c >&5
configure:6913: $? = 0
configure:6917: x86_64-w64-mingw32-ar cr libconftest.a @conftest.lst >&5
configure:6920: $? = 0
configure:6925: x86_64-w64-mingw32-ar cr libconftest.a @conftest.lst >&5
x86_64-w64-mingw32-ar: conftest.o: No such file or directory
configure:6928: $? = 1
configure:6941: result: @
configure:6959: checking for x86_64-w64-mingw32-strip
configure:6992: result: x86_64-w64-mingw32-strip
configure:7070: checking for x86_64-w64-mingw32-ranlib
configure:7091: found /usr/bin/x86_64-w64-mingw32-ranlib
configure:7103: result: x86_64-w64-mingw32-ranlib
configure:7251: checking command to parse /usr/bin/x86_64-w64-mingw32-nm -B output from x86_64-w64-mingw32-gcc object
configure:7405: x86_64-w64-mingw32-gcc -c -g -O2  conftest.c >&5
configure:7408: $? = 0
configure:7412: /usr/bin/x86_64-w64-mingw32-nm -B conftest.o \| /usr/bin/sed -n -e 's/^.*[ ]\([ABCDGIRSTW][ABCDGIRSTW]*\)[ ][ ]*\([_A-Za-z][_A-Za-z0-9]*\)$/\1 \2 \2/p' | /usr/bin/sed '/ __gnu_lto/d' \> conftest.nm
configure:7415: $? = 0
configure:7481: x86_64-w64-mingw32-gcc -o conftest.exe -g -O2   conftest.c conftstm.o >&5
configure:7484: $? = 0
configure:7523: result: ok
configure:7570: checking for sysroot
configure:7602: result: no
configure:7609: checking for a working dd
configure:7654: result: /usr/bin/dd
configure:7658: checking how to truncate binary pipes
configure:7675: result: /usr/bin/dd bs=4096 count=1
configure:7969: checking for x86_64-w64-mingw32-mt
configure:8005: result: no
configure:8015: checking for mt
configure:8036: found /usr/bin/mt
configure:8048: result: mt
configure:8071: checking if mt is a manifest tool
configure:8078: mt '-?'
configure:8087: result: no
configure:8826: checking for stdio.h
configure:8826: x86_64-w64-mingw32-gcc -c -g -O2  conftest.c >&5
configure:8826: $? = 0
configure:8826: result: yes
configure:8826: checking for stdlib.h
configure:8826: x86_64-w64-mingw32-gcc -c -g -O2  conftest.c >&5
configure:8826: $? = 0
configure:8826: result: yes
configure:8826: checking for string.h
configure:8826: x86_64-w64-mingw32-gcc -c -g -O2  conftest.c >&5
configure:8826: $? = 0
configure:8826: result: yes
configure:8826: checking for inttypes.h
configure:8826: x86_64-w64-mingw32-gcc -c -g -O2  conftest.c >&5
configure:8826: $? = 0
configure:8826: result: yes
configure:8826: checking for stdint.h
configure:8826: x86_64-w64-mingw32-gcc -c -g -O2  conftest.c >&5
configure:8826: $? = 0
configure:8826: result: yes
configure:8826: checking for strings.h
configure:8826: x86_64-w64-mingw32-gcc -c -g -O2  conftest.c >&5
configure:8826: $? = 0
configure:8826: result: yes
configure:8826: checking for sys/stat.h
configure:8826: x86_64-w64-mingw32-gcc -c -g -O2  conftest.c >&5
configure:8826: $? = 0
configure:8826: result: yes
configure:8826: checking for sys/types.h
configure:8826: x86_64-w64-mingw32-gcc -c -g -O2  conftest.c >&5
configure:8826: $? = 0
configure:8826: result: yes
configure:8826: checking for unistd.h
configure:8826: x86_64-w64-mingw32-gcc -c -g -O2  conftest.c >&5
configure:8826: $? = 0
configure:8826: result: yes
configure:8851: checking for dlfcn.h
configure:8851: x86_64-w64-mingw32-gcc -c -g -O2  conftest.c >&5
conftest.c:51:10: fatal error: dlfcn.h: No such file or directory
   51 | #include <dlfcn.h>
      |          ^~~~~~~~~
compilation terminated.
configure:8851: $? = 1
configure: failed program was:
| /* confdefs.h */
| #define PACKAGE_NAME "gsl"
| #define PACKAGE_TARNAME "gsl"
| #define PACKAGE_VERSION "2.8"
| #define PACKAGE_STRING "gsl 2.8"
| #define PACKAGE_BUGREPORT ""
| #define PACKAGE_URL ""
| #define PACKAGE "gsl"
| #define VERSION "2.8"
| #define RELEASED /**/
| #define HAVE_STDIO_H 1
| #define HAVE_STDLIB_H 1
| #define HAVE_STRING_H 1
| #define HAVE_INTTYPES_H 1
| #define HAVE_STDINT_H 1
| #define HAVE_STRINGS_H 1
| #define HAVE_SYS_STAT_H 1
| #define HAVE_SYS_TYPES_H 1
| #define HAVE_UNISTD_H 1
| #define STDC_HEADERS 1
| /* end confdefs.h.  */
| #include <stddef.h>
| #ifdef HAVE_STDIO_H
| # include <stdio.h>
| #endif
| #ifdef HAVE_STDLIB_H
| # include <stdlib.h>
| #endif
| #ifdef HAVE_STRING_H
| # include <string.h>
| #endif
| #ifdef HAVE_INTTYPES_H
| # include <inttypes.h>
| #endif
| #ifdef HAVE_STDINT_H
| # include <stdint.h>
| #endif
| #ifdef HAVE_STRINGS_H
| # include <strings.h>
| #endif
| #ifdef HAVE_SYS_TYPES_H
| # include <sys/types.h>
| #endif
| #ifdef HAVE_SYS_STAT_H
| # include <sys/stat.h>
| #endif
| #ifdef HAVE_UNISTD_H
| # include <unistd.h>
| #endif
| 
| #include <dlfcn.h>
configure:8851: result: no
configure:8871: checking for x86_64-w64-mingw32-as
configure:8892: found /usr/bin/x86_64-w64-mingw32-as
configure:8904: result: x86_64-w64-mingw32-as
configure:8975: checking for x86_64-w64-mingw32-dlltool
configure:9008: result: x86_64-w64-mingw32-dlltool
configure:9079: checking for x86_64-w64-mingw32-objdump
configure:9112: result: x86_64-w64-mingw32-objdump
configure:9450: checking for objdir
configure:9467: result: .libs
configure:9729: checking if x86_64-w64-mingw32-gcc supports -fno-rtti -fno-exceptions
configure:9748: x86_64-w64-mingw32-gcc -c -g -O2  -fno-rtti -fno-exceptions conftest.c >&5
cc1: warning: command-line option '-fno-rtti' is valid for C++/D/ObjC++ but not for C
configure:9752: $? = 0
configure:9766: result: no
configure:10124: checking for x86_64-w64-mingw32-gcc option to produce PIC
configure:10133: result: -DDLL_EXPORT -DPIC
configure:10141: checking if x86_64-w64-mingw32-gcc PIC flag -DDLL_EXPORT -DPIC works
configure:10160: x86_64-w64-mingw32-gcc -c -g -O2  -DDLL_EXPORT -DPIC -DPIC conftest.c >&5
configure:10164: $? = 0
configure:10178: result: yes
configure:10207: checking if x86_64-w64-mingw32-gcc static flag -static works
configure:10237: result: yes
configure:10252: checking if x86_64-w64-mingw32-gcc supports -c -o file.o
configure:10274: x86_64-w64-mingw32-gcc -c -g -O2  -o out/conftest2.o conftest.c >&5
configure:10278: $? = 0
configure:10301: result: yes
configure:10309: checking if x86_64-w64-mingw32-gcc supports -c -o file.o
configure:10358: result: yes
configure:10391: checking whether the x86_64-w64-mingw32-gcc linker (/usr/bin/x86_64-w64-mingw32-ld) supports shared libraries
configure:11664: result: yes
configure:11701: checking whether -lc should be explicitly linked in
configure:11710: x86_64-w64-mingw32-gcc -c -g -O2  conftest.c >&5
configure:11713: $? = 0
configure:11728: x86_64-w64-mingw32-gcc -shared conftest.o  -v -o ./conftest -Wl,--enable-auto-image-base -Xlinker --out-implib -Xlinker conftest 2\>\&1 \| /usr/bin/grep  -lc  \>/dev/null 2\>\&1
configure:11731: $? = 1
configure:11746: result: yes
configure:11906: checking dynamic linker characteristics
configure:12728: result: Win32 ld.exe
configure:12850: checking how to hardcode library paths into programs
configure:12875: result: immediate
configure:13475: checking whether stripping libraries is possible
configure:13484: result: yes
configure:13526: checking if libtool supports shared libraries
configure:13528: result: yes
configure:13531: checking whether to build shared libraries
configure:13556: result: yes
configure:13559: checking whether to build static libraries
configure:13563: result: yes
configure:13601: checking for size_t
configure:13601: x86_64-w64-mingw32-gcc -c -g -O2  conftest.c >&5
configure:13601: $? = 0
configure:13601: x86_64-w64-mingw32-gcc -c -g -O2  conftest.c >&5
conftest.c: In function 'main':
conftest.c:54:21: error: expected expression before ')' token
   54 | if (sizeof ((size_t)))
      |                     ^
configure:13601: $? = 1
configure: failed program was:
| /* confdefs.h */
| #define PACKAGE_NAME "gsl"
| #define PACKAGE_TARNAME "gsl"
| #define PACKAGE_VERSION "2.8"
| #define PACKAGE_STRING "gsl 2.8"
| #define PACKAGE_BUGREPORT ""
| #define PACKAGE_URL ""
| #define PACKAGE "gsl"
| #define VERSION "2.8"
| #define RELEASED /**/
| #define HAVE_STDIO_H 1
| #define HAVE_STDLIB_H 1
| #define HAVE_STRING_H 1
| #define HAVE_INTTYPES_H 1
| #define HAVE_STDINT_H 1
| #define HAVE_STRINGS_H 1
| #define HAVE_SYS_STAT_H 1
| #define HAVE_SYS_TYPES_H 1
| #define HAVE_UNISTD_H 1
| #define STDC_HEADERS 1
| #define LT_OBJDIR ".libs/"
| /* end confdefs.h.  */
| #include <stddef.h>
| #ifdef HAVE_STDIO_H
| # include <stdio.h>
| #endif
| #ifdef HAVE_STDLIB_H
| # include <stdlib.h>
| #endif
| #ifdef HAVE_STRING_H
| # include <string.h>
| #endif
| #ifdef HAVE_INTTYPES_H
| # include <inttypes.h>
| #endif
| #ifdef HAVE_STDINT_H
| # include <stdint.h>
| #endif
| #ifdef HAVE_STRINGS_H
| # include <strings.h>
| #endif
| #ifdef HAVE_SYS_TYPES_H
| # include <sys/types.h>
| #endif
| #ifdef HAVE_SYS_STAT_H
| # include <sys/stat.h>
| #endif
| #ifdef HAVE_UNISTD_H
| # include <unistd.h>
| #endif
| int
| main (void)
| {
| if (sizeof ((size_t)))
| 	    return 0;
|   ;
|   return 0;
| }
configure:13601: result: yes
configure:13612: checking for working volatile
configure:13632: x86_64-w64-mingw32-gcc -c -g -O2  conftest.c >&5
configure:13632: $? = 0
configure:13642: result: yes
configure:13650: checking for inline
configure:13667: x86_64-w64-mingw32-gcc -c -g -O2  conftest.c >&5
configure:13667: $? = 0
configure:13677: result: inline
configure:13695: checking whether char is unsigned
configure:13715: x86_64-w64-mingw32-gcc -c -g -O2  conftest.c >&5
configure:13715: $? = 0
configure:13725: result: no
configure:13839: checking for cos in -lm
configure:13868: x86_64-w64-mingw32-gcc -o conftest.exe -g -O2   conftest.c -lm   >&5
conftest.c:33:6: warning: conflicting types for built-in function 'cos'; expected 'double(double)' [-Wbuiltin-declaration-mismatch]
   33 | char cos (void);
      |      ^~~
conftest.c:1:1: note: 'cos' is declared in header '<math.h>'
    1 | /* confdefs.h */
configure:13868: $? = 0
configure:13880: result: yes
configure:13898: checking for GNU-style extern inline
configure:13918: x86_64-w64-mingw32-gcc -c -g -O2  conftest.c >&5
conftest.c:25:11: error: redefinition of 'foo'
   25 |    double foo (double x) { return x + 1.0 ; };
      |           ^~~
conftest.c:24:25: note: previous definition of 'foo' was here
   24 |    extern inline double foo(double x) { return x + 1.0 ; } ;
      |                         ^~~
configure:13918: $? = 1
configure: failed program was:
| /* confdefs.h */
| #define PACKAGE_NAME "gsl"
| #define PACKAGE_TARNAME "gsl"
| #define PACKAGE_VERSION "2.8"
| #define PACKAGE_STRING "gsl 2.8"
| #define PACKAGE_BUGREPORT ""
| #define PACKAGE_URL ""
| #define PACKAGE "gsl"
| #define VERSION "2.8"
| #define RELEASED /**/
| #define HAVE_STDIO_H 1
| #define HAVE_STDLIB_H 1
| #define HAVE_STRING_H 1
| #define HAVE_INTTYPES_H 1
| #define HAVE_STDINT_H 1
| #define HAVE_STRINGS_H 1
| #define HAVE_SYS_STAT_H 1
| #define HAVE_SYS_TYPES_H 1
| #define HAVE_UNISTD_H 1
| #define STDC_HEADERS 1
| #define LT_OBJDIR ".libs/"
| /* end confdefs.h.  */
| extern inline double foo(double x);
|    extern inline double foo(double x) { return x + 1.0 ; } ;
|    double foo (double x) { return x + 1.0 ; };
| int
| main (void)
| {
|   foo(1.0)
|   ;
|   return 0;
| }
configure:13926: result: no
configure:13934: checking for C99-style inline
configure:13952: x86_64-w64-mingw32-gcc -c -g -O2  conftest.c >&5
configure:13952: $? = 0
configure:13969: x86_64-w64-mingw32-gcc -c -g -O2  conftest.c >&5
configure:13969: $? = 0
configure:13981: result: yes
configure:13994: checking for ieeefp.h
configure:13994: x86_64-w64-mingw32-gcc -c -g -O2  conftest.c >&5
configure:13994: $? = 0
configure:13994: result: yes
configure:14001: checking for complex.h
configure:14001: x86_64-w64-mingw32-gcc -c -g -O2  conftest.c >&5
configure:14001: $? = 0
configure:14001: result: yes
configure:14029: checking for vprintf
configure:14029: x86_64-w64-mingw32-gcc -o conftest.exe -g -O2   conftest.c  >&5
conftest.c:43:6: warning: conflicting types for built-in function 'vprintf'; expected 'int(const char *, char *)' [-Wbuiltin-declaration-mismatch]
   43 | char vprintf (void);
      |      ^~~~~~~
conftest.c:35:1: note: 'vprintf' is declared in header '<stdio.h>'
   34 | #include <limits.h>
   35 | #undef vprintf
configure:14029: $? = 0
configure:14029: result: yes
configure:14051: checking for memcpy
configure:14051: x86_64-w64-mingw32-gcc -o conftest.exe -g -O2   conftest.c  >&5
conftest.c:44:6: warning: conflicting types for built-in function 'memcpy'; expected 'void *(void *, const void *, long long unsigned int)' [-Wbuiltin-declaration-mismatch]
   44 | char memcpy (void);
      |      ^~~~~~
conftest.c:36:1: note: 'memcpy' is declared in header '<string.h>'
   35 | #include <limits.h>
   36 | #undef memcpy
configure:14051: $? = 0
configure:14051: result: yes
configure:14065: checking for memmove
configure:14065: x86_64-w64-mingw32-gcc -o conftest.exe -g -O2   conftest.c  >&5
conftest.c:45:6: warning: conflicting types for built-in function 'memmove'; expected 'void *(void *, const void *, long long unsigned int)' [-Wbuiltin-declaration-mismatch]
   45 | char memmove (void);
      |      ^~~~~~~
conftest.c:37:1: note: 'memmove' is declared in header '<string.h>'
   36 | #include <limits.h>
   37 | #undef memmove
configure:14065: $? = 0
configure:14065: result: yes
configure:14079: checking for strdup
configure:14079: x86_64-w64-mingw32-gcc -o conftest.exe -g -O2   conftest.c  >&5
conftest.c:46:6: warning: conflicting types for built-in function 'strdup'; expected 'char *(const char *)' [-Wbuiltin-declaration-mismatch]
   46 | char strdup (void);
      |      ^~~~~~
configure:14079: $? = 0
configure:14079: result: yes
configure:14093: checking for strtol
configure:14093: x86_64-w64-mingw32-gcc -o conftest.exe -g -O2   conftest.c  >&5
configure:14093: $? = 0
configure:14093: result: yes
configure:14107: checking for strtoul
configure:14107: x86_64-w64-mingw32-gcc -o conftest.exe -g -O2   conftest.c  >&5
configure:14107: $? = 0
configure:14107: result: yes
configure:14123: checking for EXIT_SUCCESS and EXIT_FAILURE
configure:14130: checking for egrep -e
configure:14260: result: /usr/bin/grep -E
configure:14286: result: yes
configure:14297: checking for cos in -lm
configure:14338: result: yes
configure:14350: checking for x86_64-w64-mingw32-gcc options needed to detect all undeclared functions
configure:14372: x86_64-w64-mingw32-gcc -c -g -O2   conftest.c >&5
conftest.c: In function 'main':
conftest.c:39:8: error: 'strchr' undeclared (first use in this function)
   39 | (void) strchr;
      |        ^~~~~~
conftest.c:1:1: note: 'strchr' is defined in header '<string.h>'; did you forget to '#include <string.h>'?
    1 | /* confdefs.h */
conftest.c:39:8: note: each undeclared identifier is reported only once for each function it appears in
   39 | (void) strchr;
      |        ^~~~~~
configure:14372: $? = 1
configure: failed program was:
| /* confdefs.h */
| #define PACKAGE_NAME "gsl"
| #define PACKAGE_TARNAME "gsl"
| #define PACKAGE_VERSION "2.8"
| #define PACKAGE_STRING "gsl 2.8"
| #define PACKAGE_BUGREPORT ""
| #define PACKAGE_URL ""
| #define PACKAGE "gsl"
| #define VERSION "2.8"
| #define RELEASED /**/
| #define HAVE_STDIO_H 1
| #define HAVE_STDLIB_H 1
| #define HAVE_STRING_H 1
| #define HAVE_INTTYPES_H 1
| #define HAVE_STDINT_H 1
| #define HAVE_STRINGS_H 1
| #define HAVE_SYS_STAT_H 1
| #define HAVE_SYS_TYPES_H 1
| #define HAVE_UNISTD_H 1
| #define STDC_HEADERS 1
| #define LT_OBJDIR ".libs/"
| #define HAVE_INLINE 1
| #define HAVE_C99_INLINE 1
| #define HAVE_IEEEFP_H 1
| #define HAVE_COMPLEX_H 1
| #define HAVE_VPRINTF 1
| #define HAVE_MEMCPY 1
| #define HAVE_MEMMOVE 1
| #define HAVE_STRDUP 1
| #define HAVE_STRTOL 1
| #define HAVE_STRTOUL 1
| #define HAVE_EXIT_SUCCESS_AND_FAILURE 1
| #define HAVE_LIBM 1
| /* end confdefs.h.  */
| 
| int
| main (void)
| {
| (void) strchr;
|   ;
|   return 0;
| }
configure:14399: x86_64-w64-mingw32-gcc -c -g -O2   conftest.c >&5
configure:14399: $? = 0
configure:14419: result: none needed
configure:14433: checking whether feenableexcept is declared
configure:14433: x86_64-w64-mingw32-gcc -c -g -O2   conftest.c >&5
conftest.c: In function 'main':
conftest.c:45:10: error: 'feenableexcept' undeclared (first use in this function); did you mean 'feraiseexcept'?
   45 |   (void) feenableexcept;
      |          ^~~~~~~~~~~~~~
      |          feraiseexcept
conftest.c:45:10: note: each undeclared identifier is reported only once for each function it appears in
configure:14433: $? = 1
configure: failed program was:
| /* confdefs.h */
| #define PACKAGE_NAME "gsl"
| #define PACKAGE_TARNAME "gsl"
| #define PACKAGE_VERSION "2.8"
| #define PACKAGE_STRING "gsl 2.8"
| #define PACKAGE_BUGREPORT ""
| #define PACKAGE_URL ""
| #define PACKAGE "gsl"
| #define VERSION "2.8"
| #define RELEASED /**/
| #define HAVE_STDIO_H 1
| #define HAVE_STDLIB_H 1
| #define HAVE_STRING_H 1
| #define HAVE_INTTYPES_H 1
| #define HAVE_STDINT_H 1
| #define HAVE_STRINGS_H 1
| #define HAVE_SYS_STAT_H 1
| #define HAVE_SYS_TYPES_H 1
| #define HAVE_UNISTD_H 1
| #define STDC_HEADERS 1
| #define LT_OBJDIR ".libs/"
| #define HAVE_INLINE 1
| #define HAVE_C99_INLINE 1
| #define HAVE_IEEEFP_H 1
| #define HAVE_COMPLEX_H 1
| #define HAVE_VPRINTF 1
| #define HAVE_MEMCPY 1
| #define HAVE_MEMMOVE 1
| #define HAVE_STRDUP 1
| #define HAVE_STRTOL 1
| #define HAVE_STRTOUL 1
| #define HAVE_EXIT_SUCCESS_AND_FAILURE 1
| #define HAVE_LIBM 1
| /* end confdefs.h.  */
| #define _GNU_SOURCE 1
| #include <fenv.h>
| 
| int
| main (void)
| {
| #ifndef feenableexcept
| #ifdef __cplusplus
|   (void) feenableexcept;
| #else
|   (void) feenableexcept;
| #endif
| #endif
| 
|   ;
|   return 0;
| }
configure:14433: result: no
configure:14445: checking whether fesettrapenable is declared
configure:14445: x86_64-w64-mingw32-gcc -c -g -O2   conftest.c >&5
conftest.c: In function 'main':
conftest.c:46:10: error: 'fesettrapenable' undeclared (first use in this function)
   46 |   (void) fesettrapenable;
      |          ^~~~~~~~~~~~~~~
conftest.c:46:10: note: each undeclared identifier is reported only once for each function it appears in
configure:14445: $? = 1
configure: failed program was:
| /* confdefs.h */
| #define PACKAGE_NAME "gsl"
| #define PACKAGE_TARNAME "gsl"
| #define PACKAGE_VERSION "2.8"
| #define PACKAGE_STRING "gsl 2.8"
| #define PACKAGE_BUGREPORT ""
| #define PACKAGE_URL ""
| #define PACKAGE "gsl"
| #define VERSION "2.8"
| #define RELEASED /**/
| #define HAVE_STDIO_H 1
| #define HAVE_STDLIB_H 1
| #define HAVE_STRING_H 1
| #define HAVE_INTTYPES_H 1
| #define HAVE_STDINT_H 1
| #define HAVE_STRINGS_H 1
| #define HAVE_SYS_STAT_H 1
| #define HAVE_SYS_TYPES_H 1
| #define HAVE_UNISTD_H 1
| #define STDC_HEADERS 1
| #define LT_OBJDIR ".libs/"
| #define HAVE_INLINE 1
| #define HAVE_C99_INLINE 1
| #define HAVE_IEEEFP_H 1
| #define HAVE_COMPLEX_H 1
| #define HAVE_VPRINTF 1
| #define HAVE_MEMCPY 1
| #define HAVE_MEMMOVE 1
| #define HAVE_STRDUP 1
| #define HAVE_STRTOL 1
| #define HAVE_STRTOUL 1
| #define HAVE_EXIT_SUCCESS_AND_FAILURE 1
| #define HAVE_LIBM 1
| #define HAVE_DECL_FEENABLEEXCEPT 0
| /* end confdefs.h.  */
| #define _GNU_SOURCE 1
| #include <fenv.h>
| 
| int
| main (void)
| {
| #ifndef fesettrapenable
| #ifdef __cplusplus
|   (void) fesettrapenable;
| #else
|   (void) fesettrapenable;
| #endif
| #endif
| 
|   ;
|   return 0;
| }
configure:14445: result: no
configure:14457: checking whether hypot is declared
configure:14457: x86_64-w64-mingw32-gcc -c -g -O2   conftest.c >&5
configure:14457: $? = 0
configure:14457: result: yes
configure:14468: checking whether expm1 is declared
configure:14468: x86_64-w64-mingw32-gcc -c -g -O2   conftest.c >&5
configure:14468: $? = 0
configure:14468: result: yes
configure:14479: checking whether acosh is declared
configure:14479: x86_64-w64-mingw32-gcc -c -g -O2   conftest.c >&5
configure:14479: $? = 0
configure:14479: result: yes
configure:14490: checking whether asinh is declared
configure:14490: x86_64-w64-mingw32-gcc -c -g -O2   conftest.c >&5
configure:14490: $? = 0
configure:14490: result: yes
configure:14501: checking whether atanh is declared
configure:14501: x86_64-w64-mingw32-gcc -c -g -O2   conftest.c >&5
configure:14501: $? = 0
configure:14501: result: yes
configure:14512: checking whether ldexp is declared
configure:14512: x86_64-w64-mingw32-gcc -c -g -O2   conftest.c >&5
configure:14512: $? = 0
configure:14512: result: yes
configure:14523: checking whether frexp is declared
configure:14523: x86_64-w64-mingw32-gcc -c -g -O2   conftest.c >&5
configure:14523: $? = 0
configure:14523: result: yes
configure:14534: checking whether fprnd_t is declared
configure:14534: x86_64-w64-mingw32-gcc -c -g -O2   conftest.c >&5
conftest.c: In function 'main':
conftest.c:53:10: error: 'fprnd_t' undeclared (first use in this function)
   53 |   (void) fprnd_t;
      |          ^~~~~~~
conftest.c:53:10: note: each undeclared identifier is reported only once for each function it appears in
configure:14534: $? = 1
configure: failed program was:
| /* confdefs.h */
| #define PACKAGE_NAME "gsl"
| #define PACKAGE_TARNAME "gsl"
| #define PACKAGE_VERSION "2.8"
| #define PACKAGE_STRING "gsl 2.8"
| #define PACKAGE_BUGREPORT ""
| #define PACKAGE_URL ""
| #define PACKAGE "gsl"
| #define VERSION "2.8"
| #define RELEASED /**/
| #define HAVE_STDIO_H 1
| #define HAVE_STDLIB_H 1
| #define HAVE_STRING_H 1
| #define HAVE_INTTYPES_H 1
| #define HAVE_STDINT_H 1
| #define HAVE_STRINGS_H 1
| #define HAVE_SYS_STAT_H 1
| #define HAVE_SYS_TYPES_H 1
| #define HAVE_UNISTD_H 1
| #define STDC_HEADERS 1
| #define LT_OBJDIR ".libs/"
| #define HAVE_INLINE 1
| #define HAVE_C99_INLINE 1
| #define HAVE_IEEEFP_H 1
| #define HAVE_COMPLEX_H 1
| #define HAVE_VPRINTF 1
| #define HAVE_MEMCPY 1
| #define HAVE_MEMMOVE 1
| #define HAVE_STRDUP 1
| #define HAVE_STRTOL 1
| #define HAVE_STRTOUL 1
| #define HAVE_EXIT_SUCCESS_AND_FAILURE 1
| #define HAVE_LIBM 1
| #define HAVE_DECL_FEENABLEEXCEPT 0
| #define HAVE_DECL_FESETTRAPENABLE 0
| #define HAVE_DECL_HYPOT 1
| #define HAVE_DECL_EXPM1 1
| #define HAVE_DECL_ACOSH 1
| #define HAVE_DECL_ASINH 1
| #define HAVE_DECL_ATANH 1
| #define HAVE_DECL_LDEXP 1
| #define HAVE_DECL_FREXP 1
| /* end confdefs.h.  */
| #include <float.h>
| 
| int
| main (void)
| {
| #ifndef fprnd_t
| #ifdef __cplusplus
|   (void) fprnd_t;
| #else
|   (void) fprnd_t;
| #endif
| #endif
| 
|   ;
|   return 0;
| }
configure:14534: result: no
configure:14545: checking whether isinf is declared
configure:14545: x86_64-w64-mingw32-gcc -c -g -O2   conftest.c >&5
configure:14545: $? = 0
configure:14545: result: yes
configure:14556: checking whether isfinite is declared
configure:14556: x86_64-w64-mingw32-gcc -c -g -O2   conftest.c >&5
configure:14556: $? = 0
configure:14556: result: yes
configure:14567: checking whether finite is declared
configure:14567: x86_64-w64-mingw32-gcc -c -g -O2   conftest.c >&5
configure:14567: $? = 0
configure:14567: result: yes
configure:14581: checking whether isnan is declared
configure:14581: x86_64-w64-mingw32-gcc -c -g -O2   conftest.c >&5
configure:14581: $? = 0
configure:14581: result: yes
configure:14599: checking whether log1p is declared
configure:14599: x86_64-w64-mingw32-gcc -c -g -O2   conftest.c >&5
configure:14599: $? = 0
configure:14599: result: yes
configure:14613: checking for long double stdio
configure:14650: result: no
configure:14659: checking for extended floating point registers
configure:14694: result: yes
configure:14703: checking for IEEE arithmetic interface type
configure:14768: result: unknown
configure:14908: checking for IEEE compiler flags
configure:14951: result: none
configure:14960: checking for IEEE comparisons
configure:14998: result: yes
configure:15007: checking for IEEE denormalized values
configure:15046: result: yes
configure:15177: checking that generated files are newer than configure
configure:15183: result: done
configure:15210: creating ./config.status

## ---------------------- ##
## Running config.status. ##
## ---------------------- ##

This file was extended by gsl config.status 2.8, which was
generated by GNU Autoconf 2.72.  Invocation command line was

  CONFIG_FILES    = 
  CONFIG_HEADERS  = 
  CONFIG_LINKS    = 
  CONFIG_COMMANDS = 
  $ ./config.status 

on sudarshan

config.status:1225: creating Makefile
config.status:1225: creating gsl_version.h
config.status:1225: creating gsl.spec
config.status:1225: creating blas/Makefile
config.status:1225: creating block/Makefile
config.status:1225: creating bspline/Makefile
config.status:1225: creating bst/Makefile
config.status:1225: creating cblas/Makefile
config.status:1225: creating cdf/Makefile
config.status:1225: creating cheb/Makefile
config.status:1225: creating combination/Makefile
config.status:1225: creating complex/Makefile
config.status:1225: creating const/Makefile
config.status:1225: creating deriv/Makefile
config.status:1225: creating dht/Makefile
config.status:1225: creating diff/Makefile
config.status:1225: creating doc/Makefile
config.status:1225: creating doc/examples/Makefile
config.status:1225: creating eigen/Makefile
config.status:1225: creating err/Makefile
config.status:1225: creating fft/Makefile
config.status:1225: creating filter/Makefile
config.status:1225: creating fit/Makefile
config.status:1225: creating gsl/Makefile
config.status:1225: creating histogram/Makefile
config.status:1225: creating ieee-utils/Makefile
config.status:1225: creating integration/Makefile
config.status:1225: creating interpolation/Makefile
config.status:1225: creating linalg/Makefile
config.status:1225: creating matrix/Makefile
config.status:1225: creating min/Makefile
config.status:1225: creating monte/Makefile
config.status:1225: creating movstat/Makefile
config.status:1225: creating multifit/Makefile
config.status:1225: creating multifit_nlinear/Makefile
config.status:1225: creating multilarge/Makefile
config.status:1225: creating multilarge_nlinear/Makefile
config.status:1225: creating multimin/Makefile
config.status:1225: creating multiroots/Makefile
config.status:1225: creating multiset/Makefile
config.status:1225: creating ntuple/Makefile
config.status:1225: creating ode-initval/Makefile
config.status:1225: creating ode-initval2/Makefile
config.status:1225: creating permutation/Makefile
config.status:1225: creating poly/Makefile
config.status:1225: creating qrng/Makefile
config.status:1225: creating randist/Makefile
config.status:1225: creating rng/Makefile
config.status:1225: creating roots/Makefile
config.status:1225: creating rstat/Makefile
config.status:1225: creating siman/Makefile
config.status:1225: creating sort/Makefile
config.status:1225: creating spblas/Makefile
config.status:1225: creating splinalg/Makefile
config.status:1225: creating spmatrix/Makefile
config.status:1225: creating specfunc/Makefile
config.status:1225: creating statistics/Makefile
config.status:1225: creating sum/Makefile
config.status:1225: creating sys/Makefile
config.status:1225: creating test/Makefile
config.status:1225: creating utils/Makefile
config.status:1225: creating vector/Makefile
config.status:1225: creating wavelet/Makefile
config.status:1225: creating config.h
config.status:1454: executing depfiles commands
config.status:1531: cd .       && sed -e '/# am--include-marker/d' Makefile         | make -f - am--depfiles
config.status:1536: $? = 0
config.status:1531: cd blas       && sed -e '/# am--include-marker/d' Makefile         | make -f - am--depfiles
config.status:1536: $? = 0
config.status:1531: cd block       && sed -e '/# am--include-marker/d' Makefile         | make -f - am--depfiles
config.status:1536: $? = 0
config.status:1531: cd bspline       && sed -e '/# am--include-marker/d' Makefile         | make -f - am--depfiles
config.status:1536: $? = 0
config.status:1531: cd bst       && sed -e '/# am--include-marker/d' Makefile         | make -f - am--depfiles
config.status:1536: $? = 0
config.status:1531: cd cblas       && sed -e '/# am--include-marker/d' Makefile         | make -f - am--depfiles
config.status:1536: $? = 0
config.status:1531: cd cdf       && sed -e '/# am--include-marker/d' Makefile         | make -f - am--depfiles
config.status:1536: $? = 0
config.status:1531: cd cheb       && sed -e '/# am--include-marker/d' Makefile         | make -f - am--depfiles
config.status:1536: $? = 0
config.status:1531: cd combination       && sed -e '/# am--include-marker/d' Makefile         | make -f - am--depfiles
config.status:1536: $? = 0
config.status:1531: cd complex       && sed -e '/# am--include-marker/d' Makefile         | make -f - am--depfiles
config.status:1536: $? = 0
config.status:1531: cd const       && sed -e '/# am--include-marker/d' Makefile         | make -f - am--depfiles
config.status:1536: $? = 0
config.status:1531: cd deriv       && sed -e '/# am--include-marker/d' Makefile         | make -f - am--depfiles
config.status:1536: $? = 0
config.status:1531: cd dht       && sed -e '/# am--include-marker/d' Makefile         | make -f - am--depfiles
config.status:1536: $? = 0
config.status:1531: cd diff       && sed -e '/# am--include-marker/d' Makefile         | make -f - am--depfiles
config.status:1536: $? = 0
config.status:1531: cd doc/examples       && sed -e '/# am--include-marker/d' Makefile         | make -f - am--depfiles
config.status:1536: $? = 0
config.status:1531: cd eigen       && sed -e '/# am--include-marker/d' Makefile         | make -f - am--depfiles
config.status:1536: $? = 0
config.status:1531: cd err       && sed -e '/# am--include-marker/d' Makefile         | make -f - am--depfiles
config.status:1536: $? = 0
config.status:1531: cd fft       && sed -e '/# am--include-marker/d' Makefile         | make -f - am--depfiles
config.status:1536: $? = 0
config.status:1531: cd filter       && sed -e '/# am--include-marker/d' Makefile         | make -f - am--depfiles
config.status:1536: $? = 0
config.status:1531: cd fit       && sed -e '/# am--include-marker/d' Makefile         | make -f - am--depfiles
config.status:1536: $? = 0
config.status:1531: cd histogram       && sed -e '/# am--include-marker/d' Makefile         | make -f - am--depfiles
config.status:1536: $? = 0
config.status:1531: cd ieee-utils       && sed -e '/# am--include-marker/d' Makefile         | make -f - am--depfiles
config.status:1536: $? = 0
config.status:1531: cd integration       && sed -e '/# am--include-marker/d' Makefile         | make -f - am--depfiles
config.status:1536: $? = 0
config.status:1531: cd interpolation       && sed -e '/# am--include-marker/d' Makefile         | make -f - am--depfiles
config.status:1536: $? = 0
config.status:1531: cd linalg       && sed -e '/# am--include-marker/d' Makefile         | make -f - am--depfiles
config.status:1536: $? = 0
config.status:1531: cd matrix       && sed -e '/# am--include-marker/d' Makefile         | make -f - am--depfiles
config.status:1536: $? = 0
config.status:1531: cd min       && sed -e '/# am--include-marker/d' Makefile         | make -f - am--depfiles
config.status:1536: $? = 0
config.status:1531: cd monte       && sed -e '/# am--include-marker/d' Makefile         | make -f - am--depfiles
config.status:1536: $? = 0
config.status:1531: cd movstat       && sed -e '/# am--include-marker/d' Makefile         | make -f - am--depfiles
config.status:1536: $? = 0
config.status:1531: cd multifit       && sed -e '/# am--include-marker/d' Makefile         | make -f - am--depfiles
config.status:1536: $? = 0
config.status:1531: cd multifit_nlinear       && sed -e '/# am--include-marker/d' Makefile         | make -f - am--depfiles
config.status:1536: $? = 0
config.status:1531: cd multilarge       && sed -e '/# am--include-marker/d' Makefile         | make -f - am--depfiles
config.status:1536: $? = 0
config.status:1531: cd multilarge_nlinear       && sed -e '/# am--include-marker/d' Makefile         | make -f - am--depfiles
config.status:1536: $? = 0
config.status:1531: cd multimin       && sed -e '/# am--include-marker/d' Makefile         | make -f - am--depfiles
config.status:1536: $? = 0
config.status:1531: cd multiroots       && sed -e '/# am--include-marker/d' Makefile         | make -f - am--depfiles
config.status:1536: $? = 0
config.status:1531: cd multiset       && sed -e '/# am--include-marker/d' Makefile         | make -f - am--depfiles
config.status:1536: $? = 0
config.status:1531: cd ntuple       && sed -e '/# am--include-marker/d' Makefile         | make -f - am--depfiles
config.status:1536: $? = 0
config.status:1531: cd ode-initval       && sed -e '/# am--include-marker/d' Makefile         | make -f - am--depfiles
config.status:1536: $? = 0
config.status:1531: cd ode-initval2       && sed -e '/# am--include-marker/d' Makefile         | make -f - am--depfiles
config.status:1536: $? = 0
config.status:1531: cd permutation       && sed -e '/# am--include-marker/d' Makefile         | make -f - am--depfiles
config.status:1536: $? = 0
config.status:1531: cd poly       && sed -e '/# am--include-marker/d' Makefile         | make -f - am--depfiles
config.status:1536: $? = 0
config.status:1531: cd qrng       && sed -e '/# am--include-marker/d' Makefile         | make -f - am--depfiles
config.status:1536: $? = 0
config.status:1531: cd randist       && sed -e '/# am--include-marker/d' Makefile         | make -f - am--depfiles
config.status:1536: $? = 0
config.status:1531: cd rng       && sed -e '/# am--include-marker/d' Makefile         | make -f - am--depfiles
config.status:1536: $? = 0
config.status:1531: cd roots       && sed -e '/# am--include-marker/d' Makefile         | make -f - am--depfiles
config.status:1536: $? = 0
config.status:1531: cd rstat       && sed -e '/# am--include-marker/d' Makefile         | make -f - am--depfiles
config.status:1536: $? = 0
config.status:1531: cd siman       && sed -e '/# am--include-marker/d' Makefile         | make -f - am--depfiles
config.status:1536: $? = 0
config.status:1531: cd sort       && sed -e '/# am--include-marker/d' Makefile         | make -f - am--depfiles
config.status:1536: $? = 0
config.status:1531: cd spblas       && sed -e '/# am--include-marker/d' Makefile         | make -f - am--depfiles
config.status:1536: $? = 0
config.status:1531: cd splinalg       && sed -e '/# am--include-marker/d' Makefile         | make -f - am--depfiles
config.status:1536: $? = 0
config.status:1531: cd spmatrix       && sed -e '/# am--include-marker/d' Makefile         | make -f - am--depfiles
config.status:1536: $? = 0
config.status:1531: cd specfunc       && sed -e '/# am--include-marker/d' Makefile         | make -f - am--depfiles
config.status:1536: $? = 0
config.status:1531: cd statistics       && sed -e '/# am--include-marker/d' Makefile         | make -f - am--depfiles
config.status:1536: $? = 0
config.status:1531: cd sum       && sed -e '/# am--include-marker/d' Makefile         | make -f - am--depfiles
config.status:1536: $? = 0
config.status:1531: cd sys       && sed -e '/# am--include-marker/d' Makefile         | make -f - am--depfiles
config.status:1536: $? = 0
config.status:1531: cd test       && sed -e '/# am--include-marker/d' Makefile         | make -f - am--depfiles
config.status:1536: $? = 0
config.status:1531: cd utils       && sed -e '/# am--include-marker/d' Makefile         | make -f - am--depfiles
config.status:1536: $? = 0
config.status:1531: cd vector       && sed -e '/# am--include-marker/d' Makefile         | make -f - am--depfiles
config.status:1536: $? = 0
config.status:1531: cd wavelet       && sed -e '/# am--include-marker/d' Makefile         | make -f - am--depfiles
config.status:1536: $? = 0
config.status:1454: executing libtool commands

## ---------------- ##
## Cache variables. ##
## ---------------- ##

ac_cv_build=x86_64-unknown-linux-gnu
ac_cv_c_c99inline=yes
ac_cv_c_char_unsigned=no
ac_cv_c_compiler_gnu=yes
ac_cv_c_extended_fp=yes
ac_cv_c_extern_inline=no
ac_cv_c_ieee_comparisons=yes
ac_cv_c_ieee_denormals=yes
ac_cv_c_ieee_flags=none
ac_cv_c_ieee_interface=unknown
ac_cv_c_inline=inline
ac_cv_c_undeclared_builtin_options='none needed'
ac_cv_c_volatile=yes
ac_cv_decl_exit_success_and_failure=yes
ac_cv_env_CC_set=
ac_cv_env_CC_value=
ac_cv_env_CFLAGS_set=
ac_cv_env_CFLAGS_value=
ac_cv_env_CPPFLAGS_set=
ac_cv_env_CPPFLAGS_value=
ac_cv_env_CPP_set=
ac_cv_env_CPP_value=
ac_cv_env_LDFLAGS_set=
ac_cv_env_LDFLAGS_value=
ac_cv_env_LIBS_set=
ac_cv_env_LIBS_value=
ac_cv_env_LT_SYS_LIBRARY_PATH_set=
ac_cv_env_LT_SYS_LIBRARY_PATH_value=
ac_cv_env_build_alias_set=
ac_cv_env_build_alias_value=
ac_cv_env_host_alias_set=set
ac_cv_env_host_alias_value=x86_64-w64-mingw32
ac_cv_env_target_alias_set=
ac_cv_env_target_alias_value=
ac_cv_exeext=.exe
ac_cv_func_memcpy=yes
ac_cv_func_memmove=yes
ac_cv_func_printf_longdouble=no
ac_cv_func_strdup=yes
ac_cv_func_strtol=yes
ac_cv_func_strtoul=yes
ac_cv_func_vprintf=yes
ac_cv_have_decl_acosh=yes
ac_cv_have_decl_asinh=yes
ac_cv_have_decl_atanh=yes
ac_cv_have_decl_expm1=yes
ac_cv_have_decl_feenableexcept=no
ac_cv_have_decl_fesettrapenable=no
ac_cv_have_decl_finite=yes
ac_cv_have_decl_fprnd_t=no
ac_cv_have_decl_frexp=yes
ac_cv_have_decl_hypot=yes
ac_cv_have_decl_isfinite=yes
ac_cv_have_decl_isinf=yes
ac_cv_have_decl_isnan=yes
ac_cv_have_decl_ldexp=yes
ac_cv_have_decl_log1p=yes
ac_cv_header_complex_h=yes
ac_cv_header_dlfcn_h=no
ac_cv_header_ieeefp_h=yes
ac_cv_header_inttypes_h=yes
ac_cv_header_stdint_h=yes
ac_cv_header_stdio_h=yes
ac_cv_header_stdlib_h=yes
ac_cv_header_string_h=yes
ac_cv_header_strings_h=yes
ac_cv_header_sys_stat_h=yes
ac_cv_header_sys_types_h=yes
ac_cv_header_unistd_h=yes
ac_cv_host=x86_64-w64-mingw32
ac_cv_lib_m_cos=yes
ac_cv_objext=o
ac_cv_path_EGREP='/usr/bin/grep -E'
ac_cv_path_EGREP_TRADITIONAL='/usr/bin/grep -E'
ac_cv_path_FGREP='/usr/bin/grep -F'
ac_cv_path_GREP=/usr/bin/grep
ac_cv_path_SED=/usr/bin/sed
ac_cv_path_install='/usr/bin/install -c'
ac_cv_path_lt_DD=/usr/bin/dd
ac_cv_path_mkdir=/usr/bin/mkdir
ac_cv_prog_AR=x86_64-w64-mingw32-ar
ac_cv_prog_AS=x86_64-w64-mingw32-as
ac_cv_prog_AWK=gawk
ac_cv_prog_CC=x86_64-w64-mingw32-gcc
ac_cv_prog_CPP='x86_64-w64-mingw32-gcc -E'
ac_cv_prog_DLLTOOL=x86_64-w64-mingw32-dlltool
ac_cv_prog_OBJDUMP=x86_64-w64-mingw32-objdump
ac_cv_prog_RANLIB=x86_64-w64-mingw32-ranlib
ac_cv_prog_STRIP=x86_64-w64-mingw32-strip
ac_cv_prog_ac_ct_FILECMD=file
ac_cv_prog_ac_ct_MANIFEST_TOOL=mt
ac_cv_prog_cc_c11=
ac_cv_prog_cc_g=yes
ac_cv_prog_cc_stdc=
ac_cv_prog_make_make_set=yes
ac_cv_type_size_t=yes
am_cv_CC_dependencies_compiler_type=gcc3
am_cv_make_support_nested_variables=yes
am_cv_prog_cc_c_o=yes
lt_cv_ar_at_file=@
lt_cv_archive_cmds_need_lc=yes
lt_cv_deplibs_check_method='file_magic ^x86 archive import|^x86 DLL'
lt_cv_file_magic_cmd=func_win32_libid
lt_cv_file_magic_test_file=
lt_cv_ld_reload_flag=-r
lt_cv_nm_interface='BSD nm'
lt_cv_objdir=.libs
lt_cv_path_LD=/usr/bin/x86_64-w64-mingw32-ld
lt_cv_path_NM='/usr/bin/x86_64-w64-mingw32-nm -B'
lt_cv_path_mainfest_tool=no
lt_cv_prog_compiler_c_o=yes
lt_cv_prog_compiler_pic='-DDLL_EXPORT -DPIC'
lt_cv_prog_compiler_pic_works=yes
lt_cv_prog_compiler_rtti_exceptions=no
lt_cv_prog_compiler_static_works=yes
lt_cv_prog_gnu_ld=yes
lt_cv_sharedlib_from_linklib_cmd=func_cygming_dll_for_implib
lt_cv_sys_global_symbol_pipe='/usr/bin/sed -n -e '\''s/^.*[	 ]\([ABCDGIRSTW][ABCDGIRSTW]*\)[	 ][	 ]*\([_A-Za-z][_A-Za-z0-9]*\)$/\1 \2 \2/p'\'' | /usr/bin/sed '\''/ __gnu_lto/d'\'''
lt_cv_sys_global_symbol_to_c_name_address='/usr/bin/sed -n -e '\''s/^: \(.*\) .*$/  {"\1", (void *) 0},/p'\'' -e '\''s/^[ABCDGIRSTW][ABCDGIRSTW]* .* \(.*\)$/  {"\1", (void *) \&\1},/p'\'''
lt_cv_sys_global_symbol_to_c_name_address_lib_prefix='/usr/bin/sed -n -e '\''s/^: \(.*\) .*$/  {"\1", (void *) 0},/p'\'' -e '\''s/^[ABCDGIRSTW][ABCDGIRSTW]* .* \(lib.*\)$/  {"\1", (void *) \&\1},/p'\'' -e '\''s/^[ABCDGIRSTW][ABCDGIRSTW]* .* \(.*\)$/  {"lib\1", (void *) \&\1},/p'\'''
lt_cv_sys_global_symbol_to_cdecl='/usr/bin/sed -n -e '\''s/^T .* \(.*\)$/extern int \1();/p'\'' -e '\''s/^[ABCDGIRSTW][ABCDGIRSTW]* .* \(.*\)$/extern char \1;/p'\'''
lt_cv_sys_global_symbol_to_import=
lt_cv_sys_max_cmd_len=1572864
lt_cv_to_host_file_cmd=func_convert_file_nix_to_w32
lt_cv_to_tool_file_cmd=func_convert_file_noop
lt_cv_truncate_bin='/usr/bin/dd bs=4096 count=1'

## ----------------- ##
## Output variables. ##
## ----------------- ##

ACLOCAL='${SHELL} '\''/home/daneel/gitrepos/GSL-WIN64/src/gsl-2.8/missing'\'' aclocal-1.16'
AMDEPBACKSLASH='\'
AMDEP_FALSE='#'
AMDEP_TRUE=''
AMTAR='$${TAR-tar}'
AM_BACKSLASH='\'
AM_DEFAULT_V='$(AM_DEFAULT_VERBOSITY)'
AM_DEFAULT_VERBOSITY='1'
AM_V='$(V)'
AR='x86_64-w64-mingw32-ar'
AS='x86_64-w64-mingw32-as'
AUTOCONF='${SHELL} '\''/home/daneel/gitrepos/GSL-WIN64/src/gsl-2.8/missing'\'' autoconf'
AUTOHEADER='${SHELL} '\''/home/daneel/gitrepos/GSL-WIN64/src/gsl-2.8/missing'\'' autoheader'
AUTOMAKE='${SHELL} '\''/home/daneel/gitrepos/GSL-WIN64/src/gsl-2.8/missing'\'' automake-1.16'
AWK='gawk'
CC='x86_64-w64-mingw32-gcc'
CCDEPMODE='depmode=gcc3'
CFLAGS='-g -O2'
CPP='x86_64-w64-mingw32-gcc -E'
CPPFLAGS=''
CSCOPE='cscope'
CTAGS='ctags'
CYGPATH_W='echo'
DEFS='-DHAVE_CONFIG_H'
DEPDIR='.deps'
DLLTOOL='x86_64-w64-mingw32-dlltool'
DSYMUTIL=''
DUMPBIN=''
ECHO_C=''
ECHO_N='-n'
ECHO_T=''
EGREP='/usr/bin/grep -E'
ETAGS='etags'
EXEEXT='.exe'
FGREP='/usr/bin/grep -F'
FILECMD='file'
GREP='/usr/bin/grep'
GSLCBLAS_LDFLAGS=' -no-undefined'
GSL_CFLAGS='-I${prefix}/include'
GSL_LDFLAGS=' -no-undefined'
GSL_LIBADD='cblas/libgslcblas.la'
GSL_LIBM='-lm'
GSL_LIBS='-L${exec_prefix}/lib -lgsl'
GSL_LT_CBLAS_VERSION='0:0:0'
GSL_LT_VERSION='28:0:0'
GSL_MAJOR_VERSION='2'
GSL_MINOR_VERSION='8'
HAVE_AIX_IEEE_INTERFACE=''
HAVE_DARWIN86_IEEE_INTERFACE=''
HAVE_DARWIN_IEEE_INTERFACE=''
HAVE_FREEBSD_IEEE_INTERFACE=''
HAVE_GNUM68K_IEEE_INTERFACE=''
HAVE_GNUPPC_IEEE_INTERFACE=''
HAVE_GNUSPARC_IEEE_INTERFACE=''
HAVE_GNUX86_IEEE_INTERFACE=''
HAVE_HPUX11_IEEE_INTERFACE=''
HAVE_HPUX_IEEE_INTERFACE=''
HAVE_IRIX_IEEE_INTERFACE=''
HAVE_NETBSD_IEEE_INTERFACE=''
HAVE_OPENBSD_IEEE_INTERFACE=''
HAVE_OS2EMX_IEEE_INTERFACE=''
HAVE_SOLARIS_IEEE_INTERFACE=''
HAVE_SUNOS4_IEEE_INTERFACE=''
HAVE_TRU64_IEEE_INTERFACE=''
INSTALL_DATA='${INSTALL} -m 644'
INSTALL_PROGRAM='${INSTALL}'
INSTALL_SCRIPT='${INSTALL}'
INSTALL_STRIP_PROGRAM='$(install_sh) -c -s'
LD='/usr/bin/x86_64-w64-mingw32-ld'
LDFLAGS=''
LIBM='-lm'
LIBOBJS=''
LIBS='-lm '
LIBTOOL='$(SHELL) $(top_builddir)/libtool'
LIPO=''
LN_S='ln -s'
LTLIBOBJS=''
LT_SYS_LIBRARY_PATH=''
MAINT='#'
MAINTAINER_MODE_FALSE=''
MAINTAINER_MODE_TRUE='#'
MAKEINFO='${SHELL} '\''/home/daneel/gitrepos/GSL-WIN64/src/gsl-2.8/missing'\'' makeinfo'
MANIFEST_TOOL=':'
MKDIR_P='/usr/bin/mkdir -p'
NM='/usr/bin/x86_64-w64-mingw32-nm -B'
NMEDIT=''
OBJDUMP='x86_64-w64-mingw32-objdump'
OBJEXT='o'
OTOOL64=''
OTOOL=''
PACKAGE='gsl'
PACKAGE_BUGREPORT=''
PACKAGE_NAME='gsl'
PACKAGE_STRING='gsl 2.8'
PACKAGE_TARNAME='gsl'
PACKAGE_URL=''
PACKAGE_VERSION='2.8'
PATH_SEPARATOR=':'
RANLIB='x86_64-w64-mingw32-ranlib'
SED='/usr/bin/sed'
SET_MAKE=''
SHELL='/bin/bash'
STRIP='x86_64-w64-mingw32-strip'
VERSION='2.8'
ac_ct_AR=''
ac_ct_CC=''
ac_ct_DUMPBIN=''
am__EXEEXT_FALSE='#'
am__EXEEXT_TRUE=''
am__fastdepCC_FALSE='#'
am__fastdepCC_TRUE=''
am__include='include'
am__isrc=''
am__leading_dot='.'
am__nodep='_no'
am__quote=''
am__tar='$${TAR-tar} chof - "$$tardir"'
am__untar='$${TAR-tar} xf -'
bindir='${exec_prefix}/bin'
build='x86_64-unknown-linux-gnu'
build_alias=''
build_cpu='x86_64'
build_os='linux-gnu'
build_vendor='unknown'
datadir='${datarootdir}'
datarootdir='${prefix}/share'
docdir='${datarootdir}/doc/${PACKAGE_TARNAME}'
dvidir='${docdir}'
exec_prefix='${prefix}'
host='x86_64-w64-mingw32'
host_alias='x86_64-w64-mingw32'
host_cpu='x86_64'
host_os='mingw32'
host_vendor='w64'
htmldir='${docdir}'
includedir='${prefix}/include'
infodir='${datarootdir}/info'
install_sh='${SHELL} /home/daneel/gitrepos/GSL-WIN64/src/gsl-2.8/install-sh'
libdir='${exec_prefix}/lib'
libexecdir='${exec_prefix}/libexec'
localedir='${datarootdir}/locale'
localstatedir='${prefix}/var'
mandir='${datarootdir}/man'
mkdir_p='$(MKDIR_P)'
oldincludedir='/usr/include'
pdfdir='${docdir}'
prefix='/home/daneel/gitrepos/GSL-WIN64/gsl-2.8'
program_transform_name='s,x,x,'
psdir='${docdir}'
runstatedir='${localstatedir}/run'
sbindir='${exec_prefix}/sbin'
sharedstatedir='${prefix}/com'
sysconfdir='${prefix}/etc'
target_alias=''

## ----------- ##
## confdefs.h. ##
## ----------- ##

/* confdefs.h */
#define PACKAGE_NAME "gsl"
#define PACKAGE_TARNAME "gsl"
#define PACKAGE_VERSION "2.8"
#define PACKAGE_STRING "gsl 2.8"
#define PACKAGE_BUGREPORT ""
#define PACKAGE_URL ""
#define PACKAGE "gsl"
#define VERSION "2.8"
#define RELEASED /**/
#define HAVE_STDIO_H 1
#define HAVE_STDLIB_H 1
#define HAVE_STRING_H 1
#define HAVE_INTTYPES_H 1
#define HAVE_STDINT_H 1
#define HAVE_STRINGS_H 1
#define HAVE_SYS_STAT_H 1
#define HAVE_SYS_TYPES_H 1
#define HAVE_UNISTD_H 1
#define STDC_HEADERS 1
#define LT_OBJDIR ".libs/"
#define HAVE_INLINE 1
#define HAVE_C99_INLINE 1
#define HAVE_IEEEFP_H 1
#define HAVE_COMPLEX_H 1
#define HAVE_VPRINTF 1
#define HAVE_MEMCPY 1
#define HAVE_MEMMOVE 1
#define HAVE_STRDUP 1
#define HAVE_STRTOL 1
#define HAVE_STRTOUL 1
#define HAVE_EXIT_SUCCESS_AND_FAILURE 1
#define HAVE_LIBM 1
#define HAVE_DECL_FEENABLEEXCEPT 0
#define HAVE_DECL_FESETTRAPENABLE 0
#define HAVE_DECL_HYPOT 1
#define HAVE_DECL_EXPM1 1
#define HAVE_DECL_ACOSH 1
#define HAVE_DECL_ASINH 1
#define HAVE_DECL_ATANH 1
#define HAVE_DECL_LDEXP 1
#define HAVE_DECL_FREXP 1
#define HAVE_DECL_FPRND_T 0
#define HAVE_DECL_ISINF 1
#define HAVE_DECL_ISFINITE 1
#define HAVE_DECL_FINITE 1
#define HAVE_DECL_ISNAN 1
#define HAVE_DECL_LOG1P 1
#define HAVE_EXTENDED_PRECISION_REGISTERS 1
#define HAVE_UNKNOWN_IEEE_INTERFACE 1
#define HAVE_IEEE_COMPARISONS 1
#define HAVE_IEEE_DENORMALS 1

configure: exit 0
